<?xml version="1.0" encoding="UTF-8"?>
<testng-results ignored="0" total="2" passed="2" failed="0" skipped="0">
  <reporter-output>
  </reporter-output>
  <suite started-at="2025-09-21T06:30:14 IST" name="Suite" finished-at="2025-09-21T06:30:53 IST" duration-ms="38947">
    <groups>
    </groups>
    <test started-at="2025-09-21T06:30:14 IST" name="MainTestExecution" finished-at="2025-09-21T06:30:53 IST" duration-ms="38947">
      <class name="com.guvi.automation.selenium_testing.MainTest">
        <test-method is-config="true" signature="initalize()[pri:0, instance:com.guvi.automation.selenium_testing.MainTest@1e6a3214]" started-at="2025-09-21T06:30:14 IST" name="initalize" finished-at="2025-09-21T06:30:21 IST" duration-ms="6426" status="PASS">
          <reporter-output>
          </reporter-output>
        </test-method> <!-- initalize -->
        <test-method signature="registerUser(java.util.HashMap)[pri:1, instance:com.guvi.automation.selenium_testing.MainTest@1e6a3214]" started-at="2025-09-21T06:30:21 IST" name="registerUser" data-provider="getData" finished-at="2025-09-21T06:30:35 IST" duration-ms="14389" status="PASS">
          <params>
            <param index="0">
              <value>
                <![CDATA[{password=Test1234!, email=user_720448e2-f0fc-485f-8b70-99ae9353d784@test.com, testName=registerUser}]]>
              </value>
            </param>
          </params>
          <reporter-output>
          </reporter-output>
        </test-method> <!-- registerUser -->
        <test-method signature="loginUser(java.util.HashMap)[pri:2, instance:com.guvi.automation.selenium_testing.MainTest@1e6a3214]" started-at="2025-09-21T06:30:35 IST" name="loginUser" data-provider="getData" finished-at="2025-09-21T06:30:52 IST" depends-on-methods="com.guvi.automation.selenium_testing.MainTest.registerUser" duration-ms="17098" status="PASS">
          <params>
            <param index="0">
              <value>
                <![CDATA[{firstName=John, lastName=Doe, country=TestLand, birthdate=1990-09-09, phone=1234567890, city=TestCity, street=123 Main St, postalCode=12345, state=TS, email=john.doe@test.com, testName=loginUser}]]>
              </value>
            </param>
          </params>
          <reporter-output>
          </reporter-output>
        </test-method> <!-- loginUser -->
        <test-method is-config="true" signature="closeDriver()[pri:0, instance:com.guvi.automation.selenium_testing.MainTest@1e6a3214]" started-at="2025-09-21T06:30:52 IST" name="closeDriver" finished-at="2025-09-21T06:30:53 IST" duration-ms="632" status="PASS">
          <reporter-output>
          </reporter-output>
        </test-method> <!-- closeDriver -->
      </class> <!-- com.guvi.automation.selenium_testing.MainTest -->
    </test> <!-- MainTestExecution -->
  </suite> <!-- Suite -->
</testng-results>
