<?xml version="1.0" encoding="UTF-8"?>
<!-- Generated by org.testng.reporters.JUnitXMLReporter -->
<testsuite ignored="0" hostname="Vishnu_Hari" failures="0" tests="2" name="MainTestExecution" time="38.947" errors="0" timestamp="2025-09-21T06:30:53 IST">
  <testcase classname="com.guvi.automation.selenium_testing.MainTest" name="registerUser" time="14.389"/>
  <testcase classname="com.guvi.automation.selenium_testing.MainTest" name="loginUser" time="17.098"/>
</testsuite> <!-- MainTestExecution -->
